15-09-2019 18:09:20 root:INFO:start main process
15-09-2019 18:09:20 root:INFO:start handling district: beicai
15-09-2019 18:09:21 root:INFO:district beicai , communit count:333
15-09-2019 18:09:21 root:INFO:handling directory page 1
15-09-2019 18:09:21 root:INFO:100
15-09-2019 18:09:21 root:INFO:Find new community: https://sh.lianjia.com/xiaoqu/5011000014388/
15-09-2019 18:09:21 root:INFO:Find new community: https://sh.lianjia.com/xiaoqu/5011000018309/
15-09-2019 18:09:21 root:INFO:Find new community: https://sh.lianjia.com/xiaoqu/5011000014460/
15-09-2019 18:09:21 root:INFO:Find new community: https://sh.lianjia.com/xiaoqu/5011000002501/
15-09-2019 18:09:21 root:INFO:Find new community: https://sh.lianjia.com/xiaoqu/5011000000491/
15-09-2019 18:09:21 root:INFO:Find new community: https://sh.lianjia.com/xiaoqu/5011000016533/
15-09-2019 18:09:21 root:INFO:Find new community: https://sh.lianjia.com/xiaoqu/5011000014231/
15-09-2019 18:09:21 root:INFO:Find new community: https://sh.lianjia.com/xiaoqu/5011000017623/
15-09-2019 18:09:21 root:INFO:Find new community: https://sh.lianjia.com/xiaoqu/5011000009860/
15-09-2019 18:09:21 root:INFO:Find new community: https://sh.lianjia.com/xiaoqu/5011000017399/
15-09-2019 18:09:21 root:INFO:Find new community: https://sh.lianjia.com/xiaoqu/5011000013346/
15-09-2019 18:09:21 root:INFO:Find new community: https://sh.lianjia.com/xiaoqu/5011000014536/
15-09-2019 18:09:21 root:INFO:Find new community: https://sh.lianjia.com/xiaoqu/5011000003007/
15-09-2019 18:09:21 root:INFO:Find new community: https://sh.lianjia.com/xiaoqu/5011000014204/
15-09-2019 18:09:21 root:INFO:Find new community: https://sh.lianjia.com/xiaoqu/5011000007132/
15-09-2019 18:09:21 root:INFO:Find new community: https://sh.lianjia.com/xiaoqu/5011000014752/
15-09-2019 18:09:21 root:INFO:Find new community: https://sh.lianjia.com/xiaoqu/5011000012323/
15-09-2019 18:09:21 root:INFO:Find new community: https://sh.lianjia.com/xiaoqu/5011000012349/
15-09-2019 18:09:21 root:INFO:Find new community: https://sh.lianjia.com/xiaoqu/5011000014989/
15-09-2019 18:09:21 root:INFO:Find new community: https://sh.lianjia.com/xiaoqu/5011000011161/
15-09-2019 18:09:21 root:INFO:Find new community: https://sh.lianjia.com/xiaoqu/5011000004216/
15-09-2019 18:09:21 root:INFO:Find new community: https://sh.lianjia.com/xiaoqu/5011906988126279/
15-09-2019 18:09:21 root:INFO:Find new community: https://sh.lianjia.com/xiaoqu/5011000014749/
15-09-2019 18:09:21 root:INFO:Find new community: https://sh.lianjia.com/xiaoqu/5011000009386/
15-09-2019 18:09:21 root:INFO:Find new community: https://sh.lianjia.com/xiaoqu/5011000019823/
15-09-2019 18:09:21 root:INFO:Find new community: https://sh.lianjia.com/xiaoqu/5011000012035/
15-09-2019 18:09:21 root:INFO:Find new community: https://sh.lianjia.com/xiaoqu/5011000006650/
15-09-2019 18:09:21 root:INFO:Find new community: https://sh.lianjia.com/xiaoqu/5011000003831/
15-09-2019 18:09:21 root:INFO:Find new community: https://sh.lianjia.com/xiaoqu/5011000014306/
15-09-2019 18:09:21 root:INFO:Find new community: https://sh.lianjia.com/xiaoqu/5011000010065/
15-09-2019 18:09:21 root:INFO:Find new community: https://sh.lianjia.com/xiaoqu/5011000015278/
15-09-2019 18:09:21 root:INFO:Find new community: https://sh.lianjia.com/xiaoqu/5011000008802/
15-09-2019 18:09:21 root:INFO:Find new community: https://sh.lianjia.com/xiaoqu/5011000010986/
15-09-2019 18:09:21 root:INFO:Find new community: https://sh.lianjia.com/xiaoqu/5011102210432/
15-09-2019 18:09:21 root:INFO:Find new community: https://sh.lianjia.com/xiaoqu/5011000017503/
15-09-2019 18:09:21 root:INFO:Find new community: https://sh.lianjia.com/xiaoqu/5011000011179/
15-09-2019 18:09:21 root:INFO:Find new community: https://sh.lianjia.com/xiaoqu/5011000000158/
15-09-2019 18:09:21 root:INFO:Find new community: https://sh.lianjia.com/xiaoqu/5011000016882/
15-09-2019 18:09:21 root:INFO:Find new community: https://sh.lianjia.com/xiaoqu/5011000012677/
15-09-2019 18:09:21 root:INFO:Find new community: https://sh.lianjia.com/xiaoqu/5011000001907/
15-09-2019 18:09:21 root:INFO:Find new community: https://sh.lianjia.com/xiaoqu/5011000017971/
15-09-2019 18:09:21 root:INFO:Find new community: https://sh.lianjia.com/xiaoqu/5011102210184/
15-09-2019 18:09:21 root:INFO:Find new community: https://sh.lianjia.com/xiaoqu/5011000014000/
15-09-2019 18:09:21 root:INFO:Find new community: https://sh.lianjia.com/xiaoqu/5011000012177/
15-09-2019 18:09:21 root:INFO:Find new community: https://sh.lianjia.com/xiaoqu/5011000015375/
15-09-2019 18:09:21 root:INFO:Find new community: https://sh.lianjia.com/xiaoqu/5011000003570/
15-09-2019 18:09:21 root:INFO:Find new community: https://sh.lianjia.com/xiaoqu/5011000003401/
15-09-2019 18:09:21 root:INFO:Find new community: https://sh.lianjia.com/xiaoqu/5010477202844805/
15-09-2019 18:09:21 root:INFO:Find new community: https://sh.lianjia.com/xiaoqu/5011000016471/
15-09-2019 18:09:21 root:INFO:Find new community: https://sh.lianjia.com/xiaoqu/5011102208835/
15-09-2019 18:09:21 root:INFO:Find new community: https://sh.lianjia.com/xiaoqu/5011000013626/
15-09-2019 18:09:21 root:INFO:Find new community: https://sh.lianjia.com/xiaoqu/5011102207139/
15-09-2019 18:09:21 root:INFO:Find new community: https://sh.lianjia.com/xiaoqu/5011000018166/
15-09-2019 18:09:21 root:INFO:Find new community: https://sh.lianjia.com/xiaoqu/5011000016938/
15-09-2019 18:09:21 root:INFO:Find new community: https://sh.lianjia.com/xiaoqu/5011000000176/
15-09-2019 18:09:21 root:INFO:Find new community: https://sh.lianjia.com/xiaoqu/5011000017804/
15-09-2019 18:09:21 root:INFO:Find new community: https://sh.lianjia.com/xiaoqu/5011000017656/
15-09-2019 18:09:21 root:INFO:Find new community: https://sh.lianjia.com/xiaoqu/5011000015000/
15-09-2019 18:09:21 root:INFO:Find new community: https://sh.lianjia.com/xiaoqu/5011000009439/
15-09-2019 18:09:21 root:INFO:Find new community: https://sh.lianjia.com/xiaoqu/5011000001455/
15-09-2019 18:09:21 root:INFO:Find new community: https://sh.lianjia.com/xiaoqu/5011000020456/
15-09-2019 18:09:21 root:INFO:Find new community: https://sh.lianjia.com/xiaoqu/5011000018161/
15-09-2019 18:09:21 root:INFO:Find new community: https://sh.lianjia.com/xiaoqu/5011000013882/
15-09-2019 18:09:21 root:INFO:Find new community: https://sh.lianjia.com/xiaoqu/5010022437793983/
15-09-2019 18:09:21 root:INFO:Find new community: https://sh.lianjia.com/xiaoqu/5011000013182/
15-09-2019 18:09:21 root:INFO:Find new community: https://sh.lianjia.com/xiaoqu/5011000012054/
15-09-2019 18:09:21 root:INFO:Find new community: https://sh.lianjia.com/xiaoqu/5011000002137/
15-09-2019 18:09:21 root:INFO:Find new community: https://sh.lianjia.com/xiaoqu/5011000002282/
15-09-2019 18:09:21 root:INFO:Find new community: https://sh.lianjia.com/xiaoqu/5011000004781/
15-09-2019 18:09:21 root:INFO:Find new community: https://sh.lianjia.com/xiaoqu/5011000003709/
15-09-2019 18:09:23 root:INFO:handling directory page 2
15-09-2019 18:09:23 root:INFO:60
15-09-2019 18:09:23 root:INFO:Find new community: https://sh.lianjia.com/xiaoqu/5011000011254/
15-09-2019 18:09:23 root:INFO:Find new community: https://sh.lianjia.com/xiaoqu/5011000001171/
15-09-2019 18:09:23 root:INFO:Find new community: https://sh.lianjia.com/xiaoqu/5011000012716/
15-09-2019 18:09:23 root:INFO:Find new community: https://sh.lianjia.com/xiaoqu/5011000003191/
15-09-2019 18:09:23 root:INFO:Find new community: https://sh.lianjia.com/xiaoqu/5011000013251/
15-09-2019 18:09:23 root:INFO:Find new community: https://sh.lianjia.com/xiaoqu/5011000014437/
15-09-2019 18:09:23 root:INFO:Find new community: https://sh.lianjia.com/xiaoqu/5011000005487/
15-09-2019 18:09:23 root:INFO:Find new community: https://sh.lianjia.com/xiaoqu/5011000005117/
15-09-2019 18:09:23 root:INFO:Find new community: https://sh.lianjia.com/xiaoqu/5011000003351/
15-09-2019 18:09:23 root:INFO:Find new community: https://sh.lianjia.com/xiaoqu/5011000003585/
15-09-2019 18:09:23 root:INFO:Find new community: https://sh.lianjia.com/xiaoqu/5011000016751/
15-09-2019 18:09:23 root:INFO:Find new community: https://sh.lianjia.com/xiaoqu/5011000014331/
15-09-2019 18:09:23 root:INFO:Find new community: https://sh.lianjia.com/xiaoqu/5011000006303/
15-09-2019 18:09:23 root:INFO:Find new community: https://sh.lianjia.com/xiaoqu/5011000012296/
15-09-2019 18:09:23 root:INFO:Find new community: https://sh.lianjia.com/xiaoqu/5011000011218/
15-09-2019 18:09:23 root:INFO:Find new community: https://sh.lianjia.com/xiaoqu/5011000013608/
15-09-2019 18:09:23 root:INFO:Find new community: https://sh.lianjia.com/xiaoqu/5011000007888/
15-09-2019 18:09:23 root:INFO:Find new community: https://sh.lianjia.com/xiaoqu/5011000010193/
15-09-2019 18:09:23 root:INFO:Find new community: https://sh.lianjia.com/xiaoqu/5011000012138/
15-09-2019 18:09:23 root:INFO:Find new community: https://sh.lianjia.com/xiaoqu/5011000003443/
15-09-2019 18:09:23 root:INFO:Find new community: https://sh.lianjia.com/xiaoqu/5011000011769/
15-09-2019 18:09:23 root:INFO:Find new community: https://sh.lianjia.com/xiaoqu/5011000002202/
15-09-2019 18:09:23 root:INFO:Find new community: https://sh.lianjia.com/xiaoqu/5011000014924/
15-09-2019 18:09:23 root:INFO:Find new community: https://sh.lianjia.com/xiaoqu/5011000006298/
15-09-2019 18:09:23 root:INFO:Find new community: https://sh.lianjia.com/xiaoqu/5011000010050/
15-09-2019 18:09:23 root:INFO:Find new community: https://sh.lianjia.com/xiaoqu/5011000013604/
15-09-2019 18:09:23 root:INFO:Find new community: https://sh.lianjia.com/xiaoqu/5011000002484/
15-09-2019 18:09:23 root:INFO:Find new community: https://sh.lianjia.com/xiaoqu/5011000010832/
15-09-2019 18:09:23 root:INFO:Find new community: https://sh.lianjia.com/xiaoqu/5011000013875/
15-09-2019 18:09:23 root:INFO:Find new community: https://sh.lianjia.com/xiaoqu/5011000014479/
15-09-2019 18:09:25 root:INFO:handling directory page 3
15-09-2019 18:09:25 root:INFO:60
15-09-2019 18:09:25 root:INFO:Find new community: https://sh.lianjia.com/xiaoqu/5011000012176/
15-09-2019 18:09:25 root:INFO:Find new community: https://sh.lianjia.com/xiaoqu/5011000007529/
15-09-2019 18:09:25 root:INFO:Find new community: https://sh.lianjia.com/xiaoqu/5011000012172/
15-09-2019 18:09:25 root:INFO:Find new community: https://sh.lianjia.com/xiaoqu/5011000009022/
15-09-2019 18:09:25 root:INFO:Find new community: https://sh.lianjia.com/xiaoqu/5011000006043/
15-09-2019 18:09:25 root:INFO:Find new community: https://sh.lianjia.com/xiaoqu/5011000006257/
15-09-2019 18:09:25 root:INFO:Find new community: https://sh.lianjia.com/xiaoqu/5011000011954/
15-09-2019 18:09:25 root:INFO:Find new community: https://sh.lianjia.com/xiaoqu/5011000001465/
15-09-2019 18:09:25 root:INFO:Find new community: https://sh.lianjia.com/xiaoqu/5011000004177/
15-09-2019 18:09:25 root:INFO:Find new community: https://sh.lianjia.com/xiaoqu/5011102207555/
15-09-2019 18:09:25 root:INFO:Find new community: https://sh.lianjia.com/xiaoqu/5011000003441/
15-09-2019 18:09:25 root:INFO:Find new community: https://sh.lianjia.com/xiaoqu/5011000013958/
15-09-2019 18:09:25 root:INFO:Find new community: https://sh.lianjia.com/xiaoqu/5011000002975/
15-09-2019 18:09:25 root:INFO:Find new community: https://sh.lianjia.com/xiaoqu/5011000012074/
15-09-2019 18:09:25 root:INFO:Find new community: https://sh.lianjia.com/xiaoqu/5011000003374/
15-09-2019 18:09:25 root:INFO:Find new community: https://sh.lianjia.com/xiaoqu/5011000004913/
15-09-2019 18:09:25 root:INFO:Find new community: https://sh.lianjia.com/xiaoqu/5011000002519/
15-09-2019 18:09:25 root:INFO:Find new community: https://sh.lianjia.com/xiaoqu/5011000013834/
15-09-2019 18:09:25 root:INFO:Find new community: https://sh.lianjia.com/xiaoqu/5011000002877/
15-09-2019 18:09:25 root:INFO:Find new community: https://sh.lianjia.com/xiaoqu/5011000005197/
15-09-2019 18:09:25 root:INFO:Find new community: https://sh.lianjia.com/xiaoqu/5011000009609/
15-09-2019 18:09:25 root:INFO:Find new community: https://sh.lianjia.com/xiaoqu/5011000002885/
15-09-2019 18:09:25 root:INFO:Find new community: https://sh.lianjia.com/xiaoqu/5011000012240/
15-09-2019 18:09:25 root:INFO:Find new community: https://sh.lianjia.com/xiaoqu/5011000004504/
15-09-2019 18:09:25 root:INFO:Find new community: https://sh.lianjia.com/xiaoqu/5011000003342/
15-09-2019 18:09:25 root:INFO:Find new community: https://sh.lianjia.com/xiaoqu/5011000019450/
15-09-2019 18:09:25 root:INFO:Find new community: https://sh.lianjia.com/xiaoqu/5011000011780/
15-09-2019 18:09:25 root:INFO:Find new community: https://sh.lianjia.com/xiaoqu/5014481998491993/
15-09-2019 18:09:25 root:INFO:Find new community: https://sh.lianjia.com/xiaoqu/5011000007682/
15-09-2019 18:09:25 root:INFO:Find new community: https://sh.lianjia.com/xiaoqu/5011000002330/
15-09-2019 18:09:27 root:INFO:handling directory page 4
15-09-2019 18:09:27 root:INFO:60
15-09-2019 18:09:27 root:INFO:Find new community: https://sh.lianjia.com/xiaoqu/5011000005221/
15-09-2019 18:09:27 root:INFO:Find new community: https://sh.lianjia.com/xiaoqu/5011000013679/
15-09-2019 18:09:27 root:INFO:Find new community: https://sh.lianjia.com/xiaoqu/5011000003483/
15-09-2019 18:09:27 root:INFO:Find new community: https://sh.lianjia.com/xiaoqu/5011000015605/
15-09-2019 18:09:27 root:INFO:Find new community: https://sh.lianjia.com/xiaoqu/5011000006735/
15-09-2019 18:09:27 root:INFO:Find new community: https://sh.lianjia.com/xiaoqu/5011000013379/
15-09-2019 18:09:27 root:INFO:Find new community: https://sh.lianjia.com/xiaoqu/5011000005030/
15-09-2019 18:09:27 root:INFO:Find new community: https://sh.lianjia.com/xiaoqu/5011000014704/
15-09-2019 18:09:27 root:INFO:Find new community: https://sh.lianjia.com/xiaoqu/5011000005820/
15-09-2019 18:09:27 root:INFO:Find new community: https://sh.lianjia.com/xiaoqu/5011000018399/
15-09-2019 18:09:27 root:INFO:Find new community: https://sh.lianjia.com/xiaoqu/5011000003065/
15-09-2019 18:09:27 root:INFO:Find new community: https://sh.lianjia.com/xiaoqu/5011000003486/
15-09-2019 18:09:27 root:INFO:Find new community: https://sh.lianjia.com/xiaoqu/5011000009240/
15-09-2019 18:09:27 root:INFO:Find new community: https://sh.lianjia.com/xiaoqu/5011000002231/
15-09-2019 18:09:27 root:INFO:Find new community: https://sh.lianjia.com/xiaoqu/5011000014014/
15-09-2019 18:09:27 root:INFO:Find new community: https://sh.lianjia.com/xiaoqu/5011000003789/
15-09-2019 18:09:27 root:INFO:Find new community: https://sh.lianjia.com/xiaoqu/5011000005290/
15-09-2019 18:09:27 root:INFO:Find new community: https://sh.lianjia.com/xiaoqu/5011000009610/
15-09-2019 18:09:27 root:INFO:Find new community: https://sh.lianjia.com/xiaoqu/5011000006510/
15-09-2019 18:09:27 root:INFO:Find new community: https://sh.lianjia.com/xiaoqu/5011000010602/
15-09-2019 18:09:27 root:INFO:Find new community: https://sh.lianjia.com/xiaoqu/5011000007696/
15-09-2019 18:09:27 root:INFO:Find new community: https://sh.lianjia.com/xiaoqu/5011000010806/
15-09-2019 18:09:27 root:INFO:Find new community: https://sh.lianjia.com/xiaoqu/5011000005874/
15-09-2019 18:09:27 root:INFO:Find new community: https://sh.lianjia.com/xiaoqu/5011000000283/
15-09-2019 18:09:27 root:INFO:Find new community: https://sh.lianjia.com/xiaoqu/5011000010049/
15-09-2019 18:09:27 root:INFO:Find new community: https://sh.lianjia.com/xiaoqu/5011000001909/
15-09-2019 18:09:27 root:INFO:Find new community: https://sh.lianjia.com/xiaoqu/5011000013986/
15-09-2019 18:09:27 root:INFO:Find new community: https://sh.lianjia.com/xiaoqu/5011000014826/
15-09-2019 18:09:27 root:INFO:Find new community: https://sh.lianjia.com/xiaoqu/5011000004389/
15-09-2019 18:09:27 root:INFO:Find new community: https://sh.lianjia.com/xiaoqu/5011000015163/
15-09-2019 18:09:28 root:INFO:handling directory page 5
15-09-2019 18:09:28 root:INFO:60
15-09-2019 18:09:28 root:INFO:Find new community: https://sh.lianjia.com/xiaoqu/5011000009589/
15-09-2019 18:09:28 root:INFO:Find new community: https://sh.lianjia.com/xiaoqu/5011000000821/
15-09-2019 18:09:28 root:INFO:Find new community: https://sh.lianjia.com/xiaoqu/5011000003252/
15-09-2019 18:09:28 root:INFO:Find new community: https://sh.lianjia.com/xiaoqu/5011000008354/
15-09-2019 18:09:28 root:INFO:Find new community: https://sh.lianjia.com/xiaoqu/5011000001970/
15-09-2019 18:09:28 root:INFO:Find new community: https://sh.lianjia.com/xiaoqu/5011000012974/
15-09-2019 18:09:28 root:INFO:Find new community: https://sh.lianjia.com/xiaoqu/5011000010248/
15-09-2019 18:09:28 root:INFO:Find new community: https://sh.lianjia.com/xiaoqu/5011000008733/
15-09-2019 18:09:28 root:INFO:Find new community: https://sh.lianjia.com/xiaoqu/5011000003094/
15-09-2019 18:09:28 root:INFO:Find new community: https://sh.lianjia.com/xiaoqu/5011000001774/
15-09-2019 18:09:28 root:INFO:Find new community: https://sh.lianjia.com/xiaoqu/5020021956392670/
15-09-2019 18:09:28 root:INFO:Find new community: https://sh.lianjia.com/xiaoqu/5020036058425633/
15-09-2019 18:09:28 root:INFO:Find new community: https://sh.lianjia.com/xiaoqu/5011000007734/
15-09-2019 18:09:28 root:INFO:Find new community: https://sh.lianjia.com/xiaoqu/5011000013975/
15-09-2019 18:09:28 root:INFO:Find new community: https://sh.lianjia.com/xiaoqu/5012970492702947/
15-09-2019 18:09:28 root:INFO:Find new community: https://sh.lianjia.com/xiaoqu/5011000000405/
15-09-2019 18:09:28 root:INFO:Find new community: https://sh.lianjia.com/xiaoqu/5012970569249278/
15-09-2019 18:09:28 root:INFO:Find new community: https://sh.lianjia.com/xiaoqu/5012970569249274/
15-09-2019 18:09:28 root:INFO:Find new community: https://sh.lianjia.com/xiaoqu/5012970569249404/
15-09-2019 18:09:28 root:INFO:Find new community: https://sh.lianjia.com/xiaoqu/5012970584453777/
15-09-2019 18:09:28 root:INFO:Find new community: https://sh.lianjia.com/xiaoqu/5012970584453781/
15-09-2019 18:09:28 root:INFO:Find new community: https://sh.lianjia.com/xiaoqu/5012970492703347/
15-09-2019 18:09:28 root:INFO:Find new community: https://sh.lianjia.com/xiaoqu/5012970492703411/
15-09-2019 18:09:28 root:INFO:Find new community: https://sh.lianjia.com/xiaoqu/5012970492703403/
15-09-2019 18:09:28 root:INFO:Find new community: https://sh.lianjia.com/xiaoqu/5011000005328/
15-09-2019 18:09:28 root:INFO:Find new community: https://sh.lianjia.com/xiaoqu/5012970523373586/
15-09-2019 18:09:28 root:INFO:Find new community: https://sh.lianjia.com/xiaoqu/5012970523373590/
15-09-2019 18:09:28 root:INFO:Find new community: https://sh.lianjia.com/xiaoqu/5012970492702950/
15-09-2019 18:09:28 root:INFO:Find new community: https://sh.lianjia.com/xiaoqu/5012970492702949/
15-09-2019 18:09:28 root:INFO:Find new community: https://sh.lianjia.com/xiaoqu/5012970492703336/
15-09-2019 18:09:30 root:INFO:handling directory page 6
15-09-2019 18:09:30 root:INFO:100
15-09-2019 18:09:30 root:INFO:Find new community: https://sh.lianjia.com/xiaoqu/5012970523374500/
15-09-2019 18:09:30 root:INFO:Find new community: https://sh.lianjia.com/xiaoqu/5020025409746004/
15-09-2019 18:09:30 root:INFO:Find new community: https://sh.lianjia.com/xiaoqu/5012970569249286/
15-09-2019 18:09:30 root:INFO:Find new community: https://sh.lianjia.com/xiaoqu/5012970569249401/
15-09-2019 18:09:30 root:INFO:Find new community: https://sh.lianjia.com/xiaoqu/5020028379707342/
15-09-2019 18:09:30 root:INFO:Find new community: https://sh.lianjia.com/xiaoqu/5012970599658145/
15-09-2019 18:09:30 root:INFO:Find new community: https://sh.lianjia.com/xiaoqu/5013127454044951/
15-09-2019 18:09:30 root:INFO:Find new community: https://sh.lianjia.com/xiaoqu/5020027201612568/
15-09-2019 18:09:30 root:INFO:Find new community: https://sh.lianjia.com/xiaoqu/5014505812700671/
15-09-2019 18:09:30 root:INFO:Find new community: https://sh.lianjia.com/xiaoqu/5016323452897318/
15-09-2019 18:09:30 root:INFO:Find new community: https://sh.lianjia.com/xiaoqu/5012970660737991/
15-09-2019 18:09:30 root:INFO:Find new community: https://sh.lianjia.com/xiaoqu/5012970660737948/
15-09-2019 18:09:30 root:INFO:Find new community: https://sh.lianjia.com/xiaoqu/5012970584453790/
15-09-2019 18:09:30 root:INFO:Find new community: https://sh.lianjia.com/xiaoqu/5020026417958862/
15-09-2019 18:09:30 root:INFO:Find new community: https://sh.lianjia.com/xiaoqu/5020025851198469/
15-09-2019 18:09:30 root:INFO:Find new community: https://sh.lianjia.com/xiaoqu/5012970660737997/
15-09-2019 18:09:30 root:INFO:Find new community: https://sh.lianjia.com/xiaoqu/5012970660737994/
15-09-2019 18:09:30 root:INFO:Find new community: https://sh.lianjia.com/xiaoqu/5012970660738012/
15-09-2019 18:09:30 root:INFO:Find new community: https://sh.lianjia.com/xiaoqu/5012970599658142/
15-09-2019 18:09:30 root:INFO:Find new community: https://sh.lianjia.com/xiaoqu/5011000016065/
15-09-2019 18:09:30 root:INFO:Find new community: https://sh.lianjia.com/xiaoqu/5011000010454/
15-09-2019 18:09:30 root:INFO:Find new community: https://sh.lianjia.com/xiaoqu/5011000016887/
15-09-2019 18:09:30 root:INFO:Find new community: https://sh.lianjia.com/xiaoqu/5011000012699/
15-09-2019 18:09:30 root:INFO:Find new community: https://sh.lianjia.com/xiaoqu/5011000007156/
15-09-2019 18:09:30 root:INFO:Find new community: https://sh.lianjia.com/xiaoqu/5011000010071/
15-09-2019 18:09:30 root:INFO:Find new community: https://sh.lianjia.com/xiaoqu/5011000016303/
15-09-2019 18:09:30 root:INFO:Find new community: https://sh.lianjia.com/xiaoqu/5011000017536/
15-09-2019 18:09:30 root:INFO:Find new community: https://sh.lianjia.com/xiaoqu/5011000012424/
15-09-2019 18:09:30 root:INFO:Find new community: https://sh.lianjia.com/xiaoqu/5011000015589/
15-09-2019 18:09:30 root:INFO:Find new community: https://sh.lianjia.com/xiaoqu/5011000017777/
15-09-2019 18:09:30 root:INFO:Find new community: https://sh.lianjia.com/xiaoqu/5011000014108/
15-09-2019 18:09:30 root:INFO:Find new community: https://sh.lianjia.com/xiaoqu/5011000016080/
15-09-2019 18:09:30 root:INFO:Find new community: https://sh.lianjia.com/xiaoqu/5011000012669/
15-09-2019 18:09:30 root:INFO:Find new community: https://sh.lianjia.com/xiaoqu/5011000001645/
15-09-2019 18:09:30 root:INFO:Find new community: https://sh.lianjia.com/xiaoqu/5011000011528/
15-09-2019 18:09:30 root:INFO:Find new community: https://sh.lianjia.com/xiaoqu/5011000013602/
15-09-2019 18:09:30 root:INFO:Find new community: https://sh.lianjia.com/xiaoqu/5011000001308/
15-09-2019 18:09:30 root:INFO:Find new community: https://sh.lianjia.com/xiaoqu/5011000008879/
15-09-2019 18:09:30 root:INFO:Find new community: https://sh.lianjia.com/xiaoqu/5011000014152/
15-09-2019 18:09:30 root:INFO:Find new community: https://sh.lianjia.com/xiaoqu/5011000013282/
15-09-2019 18:09:30 root:INFO:Find new community: https://sh.lianjia.com/xiaoqu/5011000006255/
15-09-2019 18:09:30 root:INFO:Find new community: https://sh.lianjia.com/xiaoqu/5011000003157/
15-09-2019 18:09:31 root:INFO:handling directory page 7
15-09-2019 18:09:31 root:INFO:98
15-09-2019 18:09:31 root:INFO:Find new community: https://sh.lianjia.com/xiaoqu/5012970660737966/
15-09-2019 18:09:31 root:INFO:Find new community: https://sh.lianjia.com/xiaoqu/5020027464898101/
15-09-2019 18:09:31 root:INFO:Find new community: https://sh.lianjia.com/xiaoqu/5014510301392889/
15-09-2019 18:09:31 root:INFO:Find new community: https://sh.lianjia.com/xiaoqu/5015683039539884/
15-09-2019 18:09:31 root:INFO:Find new community: https://sh.lianjia.com/xiaoqu/5012970492703342/
15-09-2019 18:09:31 root:INFO:Find new community: https://sh.lianjia.com/xiaoqu/5012970523373578/
15-09-2019 18:09:31 root:INFO:Find new community: https://sh.lianjia.com/xiaoqu/5012970475925605/
15-09-2019 18:09:31 root:INFO:Find new community: https://sh.lianjia.com/xiaoqu/5016389495337701/
15-09-2019 18:09:31 root:INFO:Find new community: https://sh.lianjia.com/xiaoqu/5012970660737955/
15-09-2019 18:09:31 root:INFO:Find new community: https://sh.lianjia.com/xiaoqu/5011102207390/
15-09-2019 18:09:31 root:INFO:Find new community: https://sh.lianjia.com/xiaoqu/5011000009996/
15-09-2019 18:09:31 root:INFO:Find new community: https://sh.lianjia.com/xiaoqu/5011000012235/
15-09-2019 18:09:31 root:INFO:Find new community: https://sh.lianjia.com/xiaoqu/5011000004558/
15-09-2019 18:09:31 root:INFO:Find new community: https://sh.lianjia.com/xiaoqu/5011000017421/
15-09-2019 18:09:31 root:INFO:Find new community: https://sh.lianjia.com/xiaoqu/5011000004258/
15-09-2019 18:09:31 root:INFO:Find new community: https://sh.lianjia.com/xiaoqu/5011000018024/
15-09-2019 18:09:31 root:INFO:Find new community: https://sh.lianjia.com/xiaoqu/5011000008528/
15-09-2019 18:09:31 root:INFO:Find new community: https://sh.lianjia.com/xiaoqu/5011000010271/
15-09-2019 18:09:31 root:INFO:Find new community: https://sh.lianjia.com/xiaoqu/5011000014023/
15-09-2019 18:09:31 root:INFO:Find new community: https://sh.lianjia.com/xiaoqu/5011000000836/
15-09-2019 18:09:31 root:INFO:Find new community: https://sh.lianjia.com/xiaoqu/5011000012131/
15-09-2019 18:09:31 root:INFO:Find new community: https://sh.lianjia.com/xiaoqu/5011000007136/
15-09-2019 18:09:31 root:INFO:Find new community: https://sh.lianjia.com/xiaoqu/5011000015671/
15-09-2019 18:09:31 root:INFO:Find new community: https://sh.lianjia.com/xiaoqu/5011000015773/
15-09-2019 18:09:31 root:INFO:Find new community: https://sh.lianjia.com/xiaoqu/5011000014260/
15-09-2019 18:09:31 root:INFO:Find new community: https://sh.lianjia.com/xiaoqu/5011000012778/
15-09-2019 18:09:31 root:INFO:Find new community: https://sh.lianjia.com/xiaoqu/5011000000800/
15-09-2019 18:09:31 root:INFO:Find new community: https://sh.lianjia.com/xiaoqu/5011000001499/
15-09-2019 18:09:31 root:INFO:Find new community: https://sh.lianjia.com/xiaoqu/5011000014734/
15-09-2019 18:09:31 root:INFO:Find new community: https://sh.lianjia.com/xiaoqu/5011000013856/
15-09-2019 18:09:31 root:INFO:Find new community: https://sh.lianjia.com/xiaoqu/5011000013955/
15-09-2019 18:09:31 root:INFO:Find new community: https://sh.lianjia.com/xiaoqu/5011000012925/
15-09-2019 18:09:31 root:INFO:Find new community: https://sh.lianjia.com/xiaoqu/5011000002476/
15-09-2019 18:09:31 root:INFO:Find new community: https://sh.lianjia.com/xiaoqu/5011000016480/
15-09-2019 18:09:31 root:INFO:Find new community: https://sh.lianjia.com/xiaoqu/5011000007319/
15-09-2019 18:09:31 root:INFO:Find new community: https://sh.lianjia.com/xiaoqu/5011000017570/
15-09-2019 18:09:31 root:INFO:Find new community: https://sh.lianjia.com/xiaoqu/5011000000346/
15-09-2019 18:09:31 root:INFO:Find new community: https://sh.lianjia.com/xiaoqu/5011000001963/
15-09-2019 18:09:31 root:INFO:Find new community: https://sh.lianjia.com/xiaoqu/5011000006448/
15-09-2019 18:09:31 root:INFO:Find new community: https://sh.lianjia.com/xiaoqu/5011000017490/
15-09-2019 18:09:31 root:INFO:Find new community: https://sh.lianjia.com/xiaoqu/5011000013750/
15-09-2019 18:09:31 root:INFO:Find new community: https://sh.lianjia.com/xiaoqu/5011000017142/
15-09-2019 18:09:31 root:INFO:Find new community: https://sh.lianjia.com/xiaoqu/5011000017733/
15-09-2019 18:09:31 root:INFO:Find new community: https://sh.lianjia.com/xiaoqu/5011000013222/
15-09-2019 18:09:31 root:INFO:Find new community: https://sh.lianjia.com/xiaoqu/5011000012073/
15-09-2019 18:09:31 root:INFO:Find new community: https://sh.lianjia.com/xiaoqu/5011102206985/
15-09-2019 18:09:31 root:INFO:Find new community: https://sh.lianjia.com/xiaoqu/5011000018241/
15-09-2019 18:09:32 root:INFO:handling directory page 8
15-09-2019 18:09:32 root:INFO:60
15-09-2019 18:09:32 root:INFO:Find new community: https://sh.lianjia.com/xiaoqu/5012970660738002/
15-09-2019 18:09:32 root:INFO:Find new community: https://sh.lianjia.com/xiaoqu/5012970492702969/
15-09-2019 18:09:32 root:INFO:Find new community: https://sh.lianjia.com/xiaoqu/5012970569249272/
15-09-2019 18:09:32 root:INFO:Find new community: https://sh.lianjia.com/xiaoqu/5012970569249402/
15-09-2019 18:09:32 root:INFO:Find new community: https://sh.lianjia.com/xiaoqu/5012970569249410/
15-09-2019 18:09:32 root:INFO:Find new community: https://sh.lianjia.com/xiaoqu/5012970584453769/
15-09-2019 18:09:32 root:INFO:Find new community: https://sh.lianjia.com/xiaoqu/5012970584453771/
15-09-2019 18:09:32 root:INFO:Find new community: https://sh.lianjia.com/xiaoqu/5012970584453752/
15-09-2019 18:09:32 root:INFO:Find new community: https://sh.lianjia.com/xiaoqu/5012970599658133/
15-09-2019 18:09:32 root:INFO:Find new community: https://sh.lianjia.com/xiaoqu/5012970599658105/
15-09-2019 18:09:32 root:INFO:Find new community: https://sh.lianjia.com/xiaoqu/5020024834905629/
15-09-2019 18:09:32 root:INFO:Find new community: https://sh.lianjia.com/xiaoqu/5020030567850687/
15-09-2019 18:09:32 root:INFO:Find new community: https://sh.lianjia.com/xiaoqu/5012970660737980/
15-09-2019 18:09:32 root:INFO:Find new community: https://sh.lianjia.com/xiaoqu/5012970660737947/
15-09-2019 18:09:32 root:INFO:Find new community: https://sh.lianjia.com/xiaoqu/5012970660737965/
15-09-2019 18:09:32 root:INFO:Find new community: https://sh.lianjia.com/xiaoqu/5012970675941477/
15-09-2019 18:09:32 root:INFO:Find new community: https://sh.lianjia.com/xiaoqu/5012970492703409/
15-09-2019 18:09:32 root:INFO:Find new community: https://sh.lianjia.com/xiaoqu/5012970538840815/
15-09-2019 18:09:32 root:INFO:Find new community: https://sh.lianjia.com/xiaoqu/5012970443682114/
15-09-2019 18:09:33 root:INFO:handling directory page 9
15-09-2019 18:09:33 root:INFO:58
15-09-2019 18:09:33 root:INFO:Find new community: https://sh.lianjia.com/xiaoqu/5020038838710813/
15-09-2019 18:09:33 root:INFO:Find new community: https://sh.lianjia.com/xiaoqu/5012970721292451/
15-09-2019 18:09:33 root:INFO:Find new community: https://sh.lianjia.com/xiaoqu/5011000013606/
15-09-2019 18:09:33 root:INFO:Find new community: https://sh.lianjia.com/xiaoqu/5011000002819/
15-09-2019 18:09:33 root:INFO:Find new community: https://sh.lianjia.com/xiaoqu/5011000003273/
15-09-2019 18:09:33 root:INFO:Find new community: https://sh.lianjia.com/xiaoqu/5011000003629/
15-09-2019 18:09:33 root:INFO:Find new community: https://sh.lianjia.com/xiaoqu/5012970706350324/
15-09-2019 18:09:33 root:INFO:Find new community: https://sh.lianjia.com/xiaoqu/5011102207606/
15-09-2019 18:09:33 root:INFO:Find new community: https://sh.lianjia.com/xiaoqu/5011000008878/
15-09-2019 18:09:33 root:INFO:Find new community: https://sh.lianjia.com/xiaoqu/5011063202258/
15-09-2019 18:09:33 root:INFO:Find new community: https://sh.lianjia.com/xiaoqu/5012970599658137/
15-09-2019 18:09:33 root:INFO:Find new community: https://sh.lianjia.com/xiaoqu/5011000011960/
15-09-2019 18:09:33 root:INFO:Find new community: https://sh.lianjia.com/xiaoqu/5012970584453757/
15-09-2019 18:09:33 root:INFO:Find new community: https://sh.lianjia.com/xiaoqu/5011000011336/
15-09-2019 18:09:33 root:INFO:Find new community: https://sh.lianjia.com/xiaoqu/5011000000235/
15-09-2019 18:09:33 root:INFO:Find new community: https://sh.lianjia.com/xiaoqu/5020022916210608/
15-09-2019 18:09:33 root:INFO:Find new community: https://sh.lianjia.com/xiaoqu/5020022917259401/
15-09-2019 18:09:35 root:INFO:handling directory page 10
15-09-2019 18:09:35 root:INFO:100
15-09-2019 18:09:35 root:INFO:Find new community: https://sh.lianjia.com/xiaoqu/5020022917255303/
15-09-2019 18:09:35 root:INFO:Find new community: https://sh.lianjia.com/xiaoqu/5020022917259558/
15-09-2019 18:09:35 root:INFO:Find new community: https://sh.lianjia.com/xiaoqu/5020022917261458/
15-09-2019 18:09:35 root:INFO:Find new community: https://sh.lianjia.com/xiaoqu/5020022917257211/
15-09-2019 18:09:35 root:INFO:Find new community: https://sh.lianjia.com/xiaoqu/5020022917262554/
15-09-2019 18:09:35 root:INFO:Find new community: https://sh.lianjia.com/xiaoqu/5012444642062807/
15-09-2019 18:09:35 root:INFO:Find new community: https://sh.lianjia.com/xiaoqu/5020022916214643/
15-09-2019 18:09:35 root:INFO:Find new community: https://sh.lianjia.com/xiaoqu/5012970584453784/
15-09-2019 18:09:35 root:INFO:Find new community: https://sh.lianjia.com/xiaoqu/5020021025089980/
15-09-2019 18:09:35 root:INFO:Find new community: https://sh.lianjia.com/xiaoqu/5011000003482/
15-09-2019 18:09:35 root:INFO:Find new community: https://sh.lianjia.com/xiaoqu/5020023799487211/
15-09-2019 18:09:35 root:INFO:Find new community: https://sh.lianjia.com/xiaoqu/5012970492703341/
15-09-2019 18:09:35 root:INFO:Find new community: https://sh.lianjia.com/xiaoqu/5011102207502/
15-09-2019 18:09:35 root:INFO:Find new community: https://sh.lianjia.com/xiaoqu/5012970751701933/
15-09-2019 18:09:35 root:INFO:Find new community: https://sh.lianjia.com/xiaoqu/5011000018683/
15-09-2019 18:09:35 root:INFO:Find new community: https://sh.lianjia.com/xiaoqu/5011000001593/
15-09-2019 18:09:35 root:INFO:Find new community: https://sh.lianjia.com/xiaoqu/5011000005338/
15-09-2019 18:09:35 root:INFO:Find new community: https://sh.lianjia.com/xiaoqu/5020038801090204/
15-09-2019 18:09:35 root:INFO:Find new community: https://sh.lianjia.com/xiaoqu/5020032487703567/
15-09-2019 18:09:35 root:INFO:Find new community: https://sh.lianjia.com/xiaoqu/5013058797218996/
15-09-2019 18:09:35 root:INFO:Find new community: https://sh.lianjia.com/xiaoqu/5020023623231195/
15-09-2019 18:09:35 root:INFO:Find new community: https://sh.lianjia.com/xiaoqu/5011000002275/
15-09-2019 18:09:35 root:INFO:Find new community: https://sh.lianjia.com/xiaoqu/5011000008113/
15-09-2019 18:09:35 root:INFO:Find new community: https://sh.lianjia.com/xiaoqu/5020028473041205/
15-09-2019 18:09:35 root:INFO:Find new community: https://sh.lianjia.com/xiaoqu/5011000013920/
15-09-2019 18:09:35 root:INFO:Find new community: https://sh.lianjia.com/xiaoqu/5020026322538410/
15-09-2019 18:09:35 root:INFO:Find new community: https://sh.lianjia.com/xiaoqu/5020023799487477/
15-09-2019 18:09:35 root:INFO:Find new community: https://sh.lianjia.com/xiaoqu/5012970599658138/
15-09-2019 18:09:35 root:INFO:Find new community: https://sh.lianjia.com/xiaoqu/5020023799487006/
15-09-2019 18:09:35 root:INFO:Find new community: https://sh.lianjia.com/xiaoqu/5011102207573/
15-09-2019 18:09:37 root:INFO:handling directory page 11
15-09-2019 18:09:37 root:INFO:100
15-09-2019 18:09:37 root:INFO:Find new community: https://sh.lianjia.com/xiaoqu/5011000004976/
15-09-2019 18:09:37 root:INFO:Find new community: https://sh.lianjia.com/xiaoqu/5020022538562581/
15-09-2019 18:09:37 root:INFO:Find new community: https://sh.lianjia.com/xiaoqu/5011000000864/
15-09-2019 18:09:37 root:INFO:Find new community: https://sh.lianjia.com/xiaoqu/5011000018511/
15-09-2019 18:09:37 root:INFO:Find new community: https://sh.lianjia.com/xiaoqu/5011000006081/
15-09-2019 18:09:37 root:INFO:Find new community: https://sh.lianjia.com/xiaoqu/5011000009665/
15-09-2019 18:09:37 root:INFO:Find new community: https://sh.lianjia.com/xiaoqu/5011000018959/
15-09-2019 18:09:37 root:INFO:Find new community: https://sh.lianjia.com/xiaoqu/5011000016061/
15-09-2019 18:09:37 root:INFO:Find new community: https://sh.lianjia.com/xiaoqu/5011000002671/
15-09-2019 18:09:37 root:INFO:Find new community: https://sh.lianjia.com/xiaoqu/5011000011795/
15-09-2019 18:09:37 root:INFO:Find new community: https://sh.lianjia.com/xiaoqu/5011000003433/
15-09-2019 18:09:37 root:INFO:Find new community: https://sh.lianjia.com/xiaoqu/5011000014739/
15-09-2019 18:09:37 root:INFO:Find new community: https://sh.lianjia.com/xiaoqu/5012451203002965/
15-09-2019 18:09:37 root:INFO:Find new community: https://sh.lianjia.com/xiaoqu/5011000004958/
15-09-2019 18:09:37 root:INFO:Find new community: https://sh.lianjia.com/xiaoqu/5016389501104000/
15-09-2019 18:09:37 root:INFO:Find new community: https://sh.lianjia.com/xiaoqu/5011000006062/
15-09-2019 18:09:37 root:INFO:Find new community: https://sh.lianjia.com/xiaoqu/5011000019856/
15-09-2019 18:09:37 root:INFO:Find new community: https://sh.lianjia.com/xiaoqu/5011000005908/
15-09-2019 18:09:37 root:INFO:Find new community: https://sh.lianjia.com/xiaoqu/5011000019110/
15-09-2019 18:09:37 root:INFO:Find new community: https://sh.lianjia.com/xiaoqu/5011000012294/
15-09-2019 18:09:37 root:INFO:Find new community: https://sh.lianjia.com/xiaoqu/5011000008676/
15-09-2019 18:09:37 root:INFO:Find new community: https://sh.lianjia.com/xiaoqu/5011000002736/
15-09-2019 18:09:37 root:INFO:Find new community: https://sh.lianjia.com/xiaoqu/5011000012708/
15-09-2019 18:09:37 root:INFO:Find new community: https://sh.lianjia.com/xiaoqu/5011000011364/
15-09-2019 18:09:37 root:INFO:Find new community: https://sh.lianjia.com/xiaoqu/5011000019373/
15-09-2019 18:09:37 root:INFO:Find new community: https://sh.lianjia.com/xiaoqu/5011000012286/
15-09-2019 18:09:37 root:INFO:Find new community: https://sh.lianjia.com/xiaoqu/5011000003484/
15-09-2019 18:09:37 root:INFO:Find new community: https://sh.lianjia.com/xiaoqu/5011000015622/
15-09-2019 18:09:37 root:INFO:Find new community: https://sh.lianjia.com/xiaoqu/5011000000814/
15-09-2019 18:09:37 root:INFO:Find new community: https://sh.lianjia.com/xiaoqu/5011000014621/
15-09-2019 18:09:37 root:INFO:Find new community: https://sh.lianjia.com/xiaoqu/5011000019453/
15-09-2019 18:09:37 root:INFO:Find new community: https://sh.lianjia.com/xiaoqu/5011000010262/
15-09-2019 18:09:37 root:INFO:Find new community: https://sh.lianjia.com/xiaoqu/5011000009027/
15-09-2019 18:09:37 root:INFO:Find new community: https://sh.lianjia.com/xiaoqu/5011063538783/
15-09-2019 18:09:37 root:INFO:Find new community: https://sh.lianjia.com/xiaoqu/5011000018782/
15-09-2019 18:09:37 root:INFO:Find new community: https://sh.lianjia.com/xiaoqu/5011000003963/
15-09-2019 18:09:37 root:INFO:Find new community: https://sh.lianjia.com/xiaoqu/5011000009656/
15-09-2019 18:09:37 root:INFO:Find new community: https://sh.lianjia.com/xiaoqu/5011102210359/
15-09-2019 18:09:37 root:INFO:Find new community: https://sh.lianjia.com/xiaoqu/509821540319292/
15-09-2019 18:09:37 root:INFO:Find new community: https://sh.lianjia.com/xiaoqu/5011000013652/
15-09-2019 18:09:37 root:INFO:Find new community: https://sh.lianjia.com/xiaoqu/5011000016420/
15-09-2019 18:09:37 root:INFO:Find new community: https://sh.lianjia.com/xiaoqu/5011000013649/
15-09-2019 18:09:37 root:INFO:Find new community: https://sh.lianjia.com/xiaoqu/5011000003578/
15-09-2019 18:09:37 root:INFO:Find new community: https://sh.lianjia.com/xiaoqu/5011000015608/
15-09-2019 18:09:37 root:INFO:Find new community: https://sh.lianjia.com/xiaoqu/5011000013059/
15-09-2019 18:09:37 root:INFO:Find new community: https://sh.lianjia.com/xiaoqu/5011000010653/
15-09-2019 18:09:37 root:INFO:Find new community: https://sh.lianjia.com/xiaoqu/5011000017185/
15-09-2019 18:09:37 root:INFO:Find new community: https://sh.lianjia.com/xiaoqu/5011000010580/
15-09-2019 18:09:37 root:INFO:Find new community: https://sh.lianjia.com/xiaoqu/5011000009199/
15-09-2019 18:09:37 root:INFO:Find new community: https://sh.lianjia.com/xiaoqu/5011000009417/
15-09-2019 18:09:37 root:INFO:Find new community: https://sh.lianjia.com/xiaoqu/5011000019898/
15-09-2019 18:09:37 root:INFO:Find new community: https://sh.lianjia.com/xiaoqu/5011000012728/
15-09-2019 18:09:37 root:INFO:Find new community: https://sh.lianjia.com/xiaoqu/5011000002357/
15-09-2019 18:09:37 root:INFO:Find new community: https://sh.lianjia.com/xiaoqu/5011000016222/
15-09-2019 18:09:37 root:INFO:Find new community: https://sh.lianjia.com/xiaoqu/5011000006054/
15-09-2019 18:09:37 root:INFO:Find new community: https://sh.lianjia.com/xiaoqu/5011000004536/
15-09-2019 18:09:37 root:INFO:Find new community: https://sh.lianjia.com/xiaoqu/5011000010583/
15-09-2019 18:09:37 root:INFO:Find new community: https://sh.lianjia.com/xiaoqu/5011000012770/
15-09-2019 18:09:37 root:INFO:Find new community: https://sh.lianjia.com/xiaoqu/509821540057269/
15-09-2019 18:09:37 root:INFO:Find new community: https://sh.lianjia.com/xiaoqu/5011000018249/
15-09-2019 18:09:37 root:INFO:Find new community: https://sh.lianjia.com/xiaoqu/5011000017475/
15-09-2019 18:09:37 root:INFO:Find new community: https://sh.lianjia.com/xiaoqu/5011000003634/
15-09-2019 18:09:37 root:INFO:Find new community: https://sh.lianjia.com/xiaoqu/5011000000708/
15-09-2019 18:09:37 root:INFO:Find new community: https://sh.lianjia.com/xiaoqu/5011000015611/
15-09-2019 18:09:37 root:INFO:Find new community: https://sh.lianjia.com/xiaoqu/5011000013538/
15-09-2019 18:09:37 root:INFO:Find new community: https://sh.lianjia.com/xiaoqu/5011000004819/
15-09-2019 18:09:37 root:INFO:Find new community: https://sh.lianjia.com/xiaoqu/5011000011263/
15-09-2019 18:09:37 root:INFO:handling directory page 12
15-09-2019 18:09:37 root:INFO:6
15-09-2019 18:09:37 root:INFO:Find new community: https://sh.lianjia.com/xiaoqu/5011000013366/
15-09-2019 18:09:37 root:INFO:Find new community: https://sh.lianjia.com/xiaoqu/5011000018707/
15-09-2019 18:09:37 root:INFO:start handling: https://sh.lianjia.com/xiaoqu/5011102210432/
15-09-2019 18:09:38 root:INFO:start handling: https://sh.lianjia.com/xiaoqu/5011000014388/
15-09-2019 18:09:39 root:INFO:start handling: https://sh.lianjia.com/xiaoqu/5011000001465/
15-09-2019 18:09:40 root:INFO:start handling: https://sh.lianjia.com/xiaoqu/5011000012177/
15-09-2019 18:09:41 root:INFO:start handling: https://sh.lianjia.com/xiaoqu/5011000007319/
15-09-2019 18:09:42 root:INFO:start handling: https://sh.lianjia.com/xiaoqu/5011000018309/
15-09-2019 18:09:43 root:INFO:start handling: https://sh.lianjia.com/xiaoqu/5011000017623/
15-09-2019 18:09:44 root:INFO:start handling: https://sh.lianjia.com/xiaoqu/5011000008528/
15-09-2019 18:09:45 root:INFO:start handling: https://sh.lianjia.com/xiaoqu/5011000012974/
15-09-2019 18:09:46 root:INFO:start handling: https://sh.lianjia.com/xiaoqu/5011000010454/
15-09-2019 18:09:46 root:INFO:start handling: https://sh.lianjia.com/xiaoqu/5011000016420/
15-09-2019 18:09:48 root:INFO:start handling: https://sh.lianjia.com/xiaoqu/5011000012728/
15-09-2019 18:09:49 root:INFO:start handling: https://sh.lianjia.com/xiaoqu/5020030567850687/
15-09-2019 18:09:49 root:INFO:start handling: https://sh.lianjia.com/xiaoqu/5011000007682/
15-09-2019 18:09:50 root:INFO:start handling: https://sh.lianjia.com/xiaoqu/5011000012925/
15-09-2019 18:09:51 root:INFO:start handling: https://sh.lianjia.com/xiaoqu/5011000012677/
15-09-2019 18:09:52 root:INFO:start handling: https://sh.lianjia.com/xiaoqu/5011000016887/
15-09-2019 18:09:53 root:INFO:start handling: https://sh.lianjia.com/xiaoqu/5020027464898101/
15-09-2019 18:09:54 root:INFO:start handling: https://sh.lianjia.com/xiaoqu/5010477202844805/
15-09-2019 18:09:55 root:INFO:start handling: https://sh.lianjia.com/xiaoqu/5012970599658105/
15-09-2019 18:09:56 root:INFO:start handling: https://sh.lianjia.com/xiaoqu/5011000003831/
15-09-2019 18:09:57 root:INFO:start handling: https://sh.lianjia.com/xiaoqu/5011000010580/
15-09-2019 18:09:57 root:INFO:start handling: https://sh.lianjia.com/xiaoqu/5011000001909/
15-09-2019 18:09:58 root:INFO:start handling: https://sh.lianjia.com/xiaoqu/5011000017656/
15-09-2019 18:09:59 root:INFO:start handling: https://sh.lianjia.com/xiaoqu/5011000004177/
15-10-2019 18:10:00 root:INFO:start handling: https://sh.lianjia.com/xiaoqu/5012970569249286/
15-10-2019 18:10:01 root:INFO:start handling: https://sh.lianjia.com/xiaoqu/5012970538840815/
15-10-2019 18:10:02 root:INFO:start handling: https://sh.lianjia.com/xiaoqu/5011102207139/
15-10-2019 18:10:03 root:INFO:start handling: https://sh.lianjia.com/xiaoqu/5011000016480/
15-10-2019 18:10:04 root:INFO:start handling: https://sh.lianjia.com/xiaoqu/5011000009589/
15-10-2019 18:10:05 root:INFO:start handling: https://sh.lianjia.com/xiaoqu/5011102207502/
